<?xml version="1.0" encoding="utf-8"?><testsuites><testsuite name="pytest" errors="0" failures="0" skipped="0" tests="3" time="0.062" timestamp="2023-01-06T18:19:34.527428" hostname="Aarons-MBP"><testcase classname="test.test_fizzbuzz" name="test_fizzbuzz_3" time="0.002" /><testcase classname="test.test_fizzbuzz" name="test_fizzbuzz_5" time="0.001" /><testcase classname="test.test_fizzbuzz" name="test_fizzbuzz_15" time="0.001" /></testsuite></testsuites>